Base path: C:/Program Files/Unity/Editor/Data
Cmd: getPlatforms
Cmd: compileSnippet
  api=4 type=0 insize=3695 outsize=1349 kw=DIRECTIONAL pd=UNITY_ENABLE_REFLECTION_BUFFERS UNITY_PBS_USE_BRDF1 UNITY_SPECCUBE_BOX_PROJECTION UNITY_SPECCUBE_BLENDING UNITY_TEXTURE_ALPHASPLIT_ALLOWED ok=1
Cmd: compileSnippet
  api=4 type=1 insize=3695 outsize=569 kw=DIRECTIONAL pd=UNITY_ENABLE_REFLECTION_BUFFERS UNITY_PBS_USE_BRDF1 UNITY_SPECCUBE_BOX_PROJECTION UNITY_SPECCUBE_BLENDING UNITY_TEXTURE_ALPHASPLIT_ALLOWED ok=1
Cmd: compileSnippet
  api=4 type=0 insize=970 outsize=1953 kw=DIRECTIONAL SHADOWS_OFF LIGHTMAP_OFF DIRLIGHTMAP_OFF DYNAMICLIGHTMAP_OFF _EMISSION _ALPHAPREMULTIPLY_ON pd=UNITY_ENABLE_REFLECTION_BUFFERS UNITY_PBS_USE_BRDF1 UNITY_SPECCUBE_BOX_PROJECTION UNITY_SPECCUBE_BLENDING UNITY_TEXTURE_ALPHASPLIT_ALLOWED ok=1
Cmd: compileSnippet
  api=4 type=1 insize=970 outsize=5377 kw=DIRECTIONAL SHADOWS_OFF LIGHTMAP_OFF DIRLIGHTMAP_OFF DYNAMICLIGHTMAP_OFF _EMISSION _ALPHAPREMULTIPLY_ON pd=UNITY_ENABLE_REFLECTION_BUFFERS UNITY_PBS_USE_BRDF1 UNITY_SPECCUBE_BOX_PROJECTION UNITY_SPECCUBE_BLENDING UNITY_TEXTURE_ALPHASPLIT_ALLOWED ok=1
Cmd: compileSnippet
  api=4 type=0 insize=63435 outsize=1969 kw=DIRECTIONAL SHADOWS_OFF LIGHTMAP_OFF DIRLIGHTMAP_OFF DYNAMICLIGHTMAP_OFF pd=UNITY_ENABLE_REFLECTION_BUFFERS UNITY_PBS_USE_BRDF1 UNITY_SPECCUBE_BOX_PROJECTION UNITY_SPECCUBE_BLENDING UNITY_TEXTURE_ALPHASPLIT_ALLOWED ok=1
Cmd: compileSnippet
  api=4 type=1 insize=63435 outsize=1673 kw=DIRECTIONAL SHADOWS_OFF LIGHTMAP_OFF DIRLIGHTMAP_OFF DYNAMICLIGHTMAP_OFF pd=UNITY_ENABLE_REFLECTION_BUFFERS UNITY_PBS_USE_BRDF1 UNITY_SPECCUBE_BOX_PROJECTION UNITY_SPECCUBE_BLENDING UNITY_TEXTURE_ALPHASPLIT_ALLOWED ok=1
Cmd: compileSnippet
  api=4 type=0 insize=40897 outsize=1597 kw=DIRECTIONAL pd=UNITY_ENABLE_REFLECTION_BUFFERS UNITY_PBS_USE_BRDF1 UNITY_SPECCUBE_BOX_PROJECTION UNITY_SPECCUBE_BLENDING UNITY_TEXTURE_ALPHASPLIT_ALLOWED ok=1
Cmd: compileSnippet
  api=4 type=1 insize=40897 outsize=1125 kw=DIRECTIONAL pd=UNITY_ENABLE_REFLECTION_BUFFERS UNITY_PBS_USE_BRDF1 UNITY_SPECCUBE_BOX_PROJECTION UNITY_SPECCUBE_BLENDING UNITY_TEXTURE_ALPHASPLIT_ALLOWED ok=1
Cmd: compileSnippet
  api=4 type=0 insize=1827 outsize=629 kw=SOFTPARTICLES_OFF pd=UNITY_ENABLE_REFLECTION_BUFFERS UNITY_PBS_USE_BRDF1 UNITY_SPECCUBE_BOX_PROJECTION UNITY_SPECCUBE_BLENDING UNITY_TEXTURE_ALPHASPLIT_ALLOWED ok=1
Cmd: compileSnippet
  api=4 type=1 insize=1827 outsize=481 kw=SOFTPARTICLES_OFF pd=UNITY_ENABLE_REFLECTION_BUFFERS UNITY_PBS_USE_BRDF1 UNITY_SPECCUBE_BOX_PROJECTION UNITY_SPECCUBE_BLENDING UNITY_TEXTURE_ALPHASPLIT_ALLOWED ok=1
Cmd: compileSnippet
  api=4 type=0 insize=1827 outsize=997 kw=SOFTPARTICLES_ON pd=UNITY_ENABLE_REFLECTION_BUFFERS UNITY_PBS_USE_BRDF1 UNITY_SPECCUBE_BOX_PROJECTION UNITY_SPECCUBE_BLENDING UNITY_TEXTURE_ALPHASPLIT_ALLOWED ok=1
Cmd: compileSnippet
  api=4 type=1 insize=1827 outsize=853 kw=SOFTPARTICLES_ON pd=UNITY_ENABLE_REFLECTION_BUFFERS UNITY_PBS_USE_BRDF1 UNITY_SPECCUBE_BOX_PROJECTION UNITY_SPECCUBE_BLENDING UNITY_TEXTURE_ALPHASPLIT_ALLOWED ok=1
Cmd: compileSnippet
  api=4 type=0 insize=3985 outsize=1313 kw= pd=UNITY_ENABLE_REFLECTION_BUFFERS UNITY_PBS_USE_BRDF1 UNITY_SPECCUBE_BOX_PROJECTION UNITY_SPECCUBE_BLENDING UNITY_TEXTURE_ALPHASPLIT_ALLOWED ok=1
Cmd: compileSnippet
  api=4 type=1 insize=3985 outsize=373 kw= pd=UNITY_ENABLE_REFLECTION_BUFFERS UNITY_PBS_USE_BRDF1 UNITY_SPECCUBE_BOX_PROJECTION UNITY_SPECCUBE_BLENDING UNITY_TEXTURE_ALPHASPLIT_ALLOWED ok=1
